# JRE version: Java(TM) SE Runtime Environment (8.0_221-b11) (build 1.8.0_221-b11)
# Java VM: Java HotSpot(TM) 64-Bit Server VM (25.221-b11 mixed mode windows-amd64 compressed oops)
Heap:
 PSYoungGen      total 37888K, used 10637K [0x00000000d6200000, 0x00000000d9080000, 0x0000000100000000)
  eden space 31232K, 13% used [0x00000000d6200000,0x00000000d6644a18,0x00000000d8080000)
  from space 6656K, 94% used [0x00000000d8100000,0x00000000d871ebd0,0x00000000d8780000)
  to   space 8192K, 0% used [0x00000000d8880000,0x00000000d8880000,0x00000000d9080000)
 ParOldGen       total 41472K, used 5759K [0x0000000082600000, 0x0000000084e80000, 0x00000000d6200000)
  object space 41472K, 13% used [0x0000000082600000,0x0000000082b9fc70,0x0000000084e80000)
 Metaspace       used 27938K, capacity 29434K, committed 29696K, reserved 1075200K
  class space    used 3522K, capacity 3807K, committed 3840K, reserved 1048576K
GC Heap History (10 events):
Event: 10.447 GC heap before
{Heap before GC invocations=4 (full 0):
 PSYoungGen      total 37888K, used 24964K [0x00000000d6200000, 0x00000000d8c00000, 0x0000000100000000)
  eden space 32768K, 60% used [0x00000000d6200000,0x00000000d7561738,0x00000000d8200000)
  from space 5120K, 99% used [0x00000000d8200000,0x00000000d86ffaa0,0x00000000d8700000)
  to   space 5120K, 0% used [0x00000000d8700000,0x00000000d8700000,0x00000000d8c00000)
 ParOldGen       total 86016K, used 4177K [0x0000000082600000, 0x0000000087a00000, 0x00000000d6200000)
  object space 86016K, 4% used [0x0000000082600000,0x0000000082a14458,0x0000000087a00000)
 Metaspace       used 20385K, capacity 21168K, committed 21248K, reserved 1067008K
  class space    used 2557K, capacity 2768K, committed 2816K, reserved 1048576K
Event: 10.453 GC heap after
Heap after GC invocations=4 (full 0):
 PSYoungGen      total 37888K, used 5101K [0x00000000d6200000, 0x00000000d8c00000, 0x0000000100000000)
  eden space 32768K, 0% used [0x00000000d6200000,0x00000000d6200000,0x00000000d8200000)
  from space 5120K, 99% used [0x00000000d8700000,0x00000000d8bfb520,0x00000000d8c00000)
  to   space 5120K, 0% used [0x00000000d8200000,0x00000000d8200000,0x00000000d8700000)
 ParOldGen       total 86016K, used 4987K [0x0000000082600000, 0x0000000087a00000, 0x00000000d6200000)
  object space 86016K, 5% used [0x0000000082600000,0x0000000082aded28,0x0000000087a00000)
 Metaspace       used 20385K, capacity 21168K, committed 21248K, reserved 1067008K
  class space    used 2557K, capacity 2768K, committed 2816K, reserved 1048576K
}
Event: 10.453 GC heap before
{Heap before GC invocations=5 (full 1):
 PSYoungGen      total 37888K, used 5101K [0x00000000d6200000, 0x00000000d8c00000, 0x0000000100000000)
  eden space 32768K, 0% used [0x00000000d6200000,0x00000000d6200000,0x00000000d8200000)
  from space 5120K, 99% used [0x00000000d8700000,0x00000000d8bfb520,0x00000000d8c00000)
  to   space 5120K, 0% used [0x00000000d8200000,0x00000000d8200000,0x00000000d8700000)
 ParOldGen       total 86016K, used 4987K [0x0000000082600000, 0x0000000087a00000, 0x00000000d6200000)
  object space 86016K, 5% used [0x0000000082600000,0x0000000082aded28,0x0000000087a00000)
 Metaspace       used 20385K, capacity 21168K, committed 21248K, reserved 1067008K
  class space    used 2557K, capacity 2768K, committed 2816K, reserved 1048576K
Event: 10.482 GC heap after
Heap after GC invocations=5 (full 1):
 PSYoungGen      total 37888K, used 0K [0x00000000d6200000, 0x00000000d8c00000, 0x0000000100000000)
  eden space 32768K, 0% used [0x00000000d6200000,0x00000000d6200000,0x00000000d8200000)
  from space 5120K, 0% used [0x00000000d8700000,0x00000000d8700000,0x00000000d8c00000)
  to   space 5120K, 0% used [0x00000000d8200000,0x00000000d8200000,0x00000000d8700000)
 ParOldGen       total 41472K, used 5743K [0x0000000082600000, 0x0000000084e80000, 0x00000000d6200000)
  object space 41472K, 13% used [0x0000000082600000,0x0000000082b9bc70,0x0000000084e80000)
 Metaspace       used 20385K, capacity 21168K, committed 21248K, reserved 1067008K
  class space    used 2557K, capacity 2768K, committed 2816K, reserved 1048576K
}
Event: 11.023 GC heap before
{Heap before GC invocations=6 (full 1):
 PSYoungGen      total 37888K, used 32768K [0x00000000d6200000, 0x00000000d8c00000, 0x0000000100000000)
  eden space 32768K, 100% used [0x00000000d6200000,0x00000000d8200000,0x00000000d8200000)
  from space 5120K, 0% used [0x00000000d8700000,0x00000000d8700000,0x00000000d8c00000)
  to   space 5120K, 0% used [0x00000000d8200000,0x00000000d8200000,0x00000000d8700000)
 ParOldGen       total 41472K, used 5743K [0x0000000082600000, 0x0000000084e80000, 0x00000000d6200000)
  object space 41472K, 13% used [0x0000000082600000,0x0000000082b9bc70,0x0000000084e80000)
 Metaspace       used 21639K, capacity 22590K, committed 22656K, reserved 1069056K
  class space    used 2716K, capacity 2929K, committed 2944K, reserved 1048576K
Event: 11.026 GC heap after
Heap after GC invocations=6 (full 1):
 PSYoungGen      total 37376K, used 3185K [0x00000000d6200000, 0x00000000d9280000, 0x0000000100000000)
  eden space 32256K, 0% used [0x00000000d6200000,0x00000000d6200000,0x00000000d8180000)
  from space 5120K, 62% used [0x00000000d8200000,0x00000000d851c7e8,0x00000000d8700000)
  to   space 8704K, 0% used [0x00000000d8a00000,0x00000000d8a00000,0x00000000d9280000)
 ParOldGen       total 41472K, used 5751K [0x0000000082600000, 0x0000000084e80000, 0x00000000d6200000)
  object space 41472K, 13% used [0x0000000082600000,0x0000000082b9dc70,0x0000000084e80000)
 Metaspace       used 21639K, capacity 22590K, committed 22656K, reserved 1069056K
  class space    used 2716K, capacity 2929K, committed 2944K, reserved 1048576K
}
Event: 12.687 GC heap before
{Heap before GC invocations=7 (full 1):
 PSYoungGen      total 37376K, used 35441K [0x00000000d6200000, 0x00000000d9280000, 0x0000000100000000)
  eden space 32256K, 100% used [0x00000000d6200000,0x00000000d8180000,0x00000000d8180000)
  from space 5120K, 62% used [0x00000000d8200000,0x00000000d851c7e8,0x00000000d8700000)
  to   space 8704K, 0% used [0x00000000d8a00000,0x00000000d8a00000,0x00000000d9280000)
 ParOldGen       total 41472K, used 5751K [0x0000000082600000, 0x0000000084e80000, 0x00000000d6200000)
  object space 41472K, 13% used [0x0000000082600000,0x0000000082b9dc70,0x0000000084e80000)
 Metaspace       used 25243K, capacity 26624K, committed 26880K, reserved 1073152K
  class space    used 3218K, capacity 3476K, committed 3584K, reserved 1048576K
Event: 12.694 GC heap after
Heap after GC invocations=7 (full 1):
 PSYoungGen      total 39936K, used 6088K [0x00000000d6200000, 0x00000000d9200000, 0x0000000100000000)
  eden space 31744K, 0% used [0x00000000d6200000,0x00000000d6200000,0x00000000d8100000)
  from space 8192K, 74% used [0x00000000d8a00000,0x00000000d8ff2210,0x00000000d9200000)
  to   space 8704K, 0% used [0x00000000d8100000,0x00000000d8100000,0x00000000d8980000)
 ParOldGen       total 41472K, used 5759K [0x0000000082600000, 0x0000000084e80000, 0x00000000d6200000)
  object space 41472K, 13% used [0x0000000082600000,0x0000000082b9fc70,0x0000000084e80000)
 Metaspace       used 25243K, capacity 26624K, committed 26880K, reserved 1073152K
  class space    used 3218K, capacity 3476K, committed 3584K, reserved 1048576K
}
Event: 13.346 GC heap before
{Heap before GC invocations=8 (full 1):
 PSYoungGen      total 39936K, used 37832K [0x00000000d6200000, 0x00000000d9200000, 0x0000000100000000)
  eden space 31744K, 100% used [0x00000000d6200000,0x00000000d8100000,0x00000000d8100000)
  from space 8192K, 74% used [0x00000000d8a00000,0x00000000d8ff2210,0x00000000d9200000)
  to   space 8704K, 0% used [0x00000000d8100000,0x00000000d8100000,0x00000000d8980000)
 ParOldGen       total 41472K, used 5759K [0x0000000082600000, 0x0000000084e80000, 0x00000000d6200000)
  object space 41472K, 13% used [0x0000000082600000,0x0000000082b9fc70,0x0000000084e80000)
 Metaspace       used 27560K, capacity 29038K, committed 29440K, reserved 1075200K
  class space    used 3469K, capacity 3741K, committed 3840K, reserved 1048576K
Event: 13.353 GC heap after
Heap after GC invocations=8 (full 1):
 PSYoungGen      total 37888K, used 6266K [0x00000000d6200000, 0x00000000d9080000, 0x0000000100000000)
  eden space 31232K, 0% used [0x00000000d6200000,0x00000000d6200000,0x00000000d8080000)
  from space 6656K, 94% used [0x00000000d8100000,0x00000000d871ebd0,0x00000000d8780000)
  to   space 8192K, 0% used [0x00000000d8880000,0x00000000d8880000,0x00000000d9080000)
 ParOldGen       total 41472K, used 5759K [0x0000000082600000, 0x0000000084e80000, 0x00000000d6200000)
  object space 41472K, 13% used [0x0000000082600000,0x0000000082b9fc70,0x0000000084e80000)
 Metaspace       used 27560K, capacity 29038K, committed 29440K, reserved 1075200K
  class space    used 3469K, capacity 3741K, committed 3840K, reserved 1048576K
}

